[INFO ] 2023-04-07 15:30:20.523 [main] HashMove - Hash Move Customer Portal Login page has opened
[INFO ] 2023-04-07 15:30:31.987 [main] HashMove - User ID = atco@hashmove.com has entered
[INFO ] 2023-04-07 15:30:32.463 [main] HashMove - Password = Hsm@1234 has entered
[INFO ] 2023-04-07 15:30:32.536 [main] HashMove - Login Now button has clicked!!!
[INFO ] 2023-04-07 15:30:52.055 [main] HashMove - Sea Shipment - LCL has selected
[INFO ] 2023-04-07 15:31:02.408 [main] HashMove - Cargo Readiness Month Year has selected
[INFO ] 2023-04-07 15:31:02.760 [main] HashMove - Cargo Readiness Day has selected
[INFO ] 2023-04-07 15:31:04.158 [main] HashMove - Cargo Type = General Goods has selected
[INFO ] 2023-04-07 15:31:05.658 [main] HashMove - HS Code = 2523.1000 has entered
[INFO ] 2023-04-07 15:31:08.794 [main] HashMove - Cargo Description = Cargo was originally a shipload but now covers all types of freight, including transport by rail, van, truck, or intermodal container. has entered
[INFO ] 2023-04-07 15:31:13.196 [main] HashMove - Pickup Location = Picking up from port would mean you are responsible to get your cargo delivered to the port of departure. has entered
[INFO ] 2023-04-07 15:31:16.897 [main] HashMove - Port of Pickup = PK KCT, KICT, Karachi, Pakistan (PK) has entered
[INFO ] 2023-04-07 15:31:25.009 [main] HashMove - Port of Delivery = SA JED, Jeddah, Jeddah, Saudi Arabia (SA) has entered
[INFO ] 2023-04-07 15:31:29.307 [main] HashMove - Package Type = Pallets has entered
[INFO ] 2023-04-07 15:31:31.601 [main] HashMove - Quantity = 1 has entered
[INFO ] 2023-04-07 15:31:33.899 [main] HashMove - Length = 111 has entered
[INFO ] 2023-04-07 15:31:36.097 [main] HashMove - Width = 111 has entered
[INFO ] 2023-04-07 15:31:38.362 [main] HashMove - Height = 111 has entered
[INFO ] 2023-04-07 15:31:45.029 [main] HashMove - Payment Terms link has clicked
[INFO ] 2023-04-07 15:31:48.182 [main] HashMove - Advance Payment at the time of Booking Confirmation has selected....
[INFO ] 2023-04-07 15:31:50.621 [main] HashMove - Request Spot Rate button has clicked!!!
[INFO ] 2023-04-07 15:32:24.728 [main] HashMove - Hash Move Provider Portal Login page has opened
[INFO ] 2023-04-07 15:32:35.046 [main] HashMove - User ID = costa@gmail.com has entered
[INFO ] 2023-04-07 15:32:35.261 [main] HashMove - Password = 123456 has entered
[INFO ] 2023-04-07 15:32:35.356 [main] HashMove - Login Now button has clicked!!!
[INFO ] 2023-04-07 15:32:40.525 [main] HashMove - Spot Rate link has clicked!!!
[INFO ] 2023-04-07 15:32:50.670 [main] HashMove - Click filter request link has clicked!!!
[INFO ] 2023-04-07 15:32:51.912 [main] HashMove - Spot Request Number has entered!!!
[INFO ] 2023-04-07 15:32:54.992 [main] HashMove - Filter Records button has clicked!!!
[INFO ] 2023-04-07 15:32:57.049 [main] HashMove - Provide Your Quote button has clicked!!!
[INFO ] 2023-04-07 15:33:03.480 [main] HashMove - Shipping Line = Hapag-Lloyd, Hapag-Lloyd Shipping has entered
[INFO ] 2023-04-07 15:33:08.726 [main] HashMove - Rate Per CBM = 8500 has entered
[INFO ] 2023-04-07 15:33:08.893 [main] HashMove - Chargeable CBM = 2 has entered
[INFO ] 2023-04-07 15:33:09.066 [main] HashMove - Bill of Lading = 200 has entered
[INFO ] 2023-04-07 15:33:09.295 [main] HashMove - LCL Destuffing = 30 has entered
[INFO ] 2023-04-07 15:33:09.425 [main] HashMove - Port Handling = 20 has entered
[INFO ] 2023-04-07 15:33:09.552 [main] HashMove - Terminal Handling Charge - Origin = 150 has entered
[INFO ] 2023-04-07 15:33:14.792 [main] HashMove - Rate Validity Start Date has entered
[INFO ] 2023-04-07 15:33:17.978 [main] HashMove - Rate Validity End Date has entered
[INFO ] 2023-04-07 15:33:20.161 [main] HashMove - I ACCEPT CUSTOMER PAYMENT TERMS has selected ...
[INFO ] 2023-04-07 15:33:25.332 [main] HashMove - Save and Close button has clicked!!!
[INFO ] 2023-04-07 15:33:27.402 [main] HashMove - Would you like to proceed? button has clicked!!!
[INFO ] 2023-04-07 15:33:34.070 [main] HashMove - Hash Move Customer Portal page has opened
[INFO ] 2023-04-07 15:33:44.305 [main] HashMove - Options Dropdown has clicked!!!
[INFO ] 2023-04-07 15:33:46.742 [main] HashMove - Spot Rates option has clicked!!!
[INFO ] 2023-04-07 15:33:54.838 [main] HashMove - Click filter request link has clicked!!!
[INFO ] 2023-04-07 15:33:56.026 [main] HashMove - Spot Request Number has entered!!!
[INFO ] 2023-04-07 15:33:59.121 [main] HashMove - Filter Records button has clicked!!!
[INFO ] 2023-04-07 15:34:01.218 [main] HashMove - View Quotes link has clicked!!!
[INFO ] 2023-04-07 15:34:03.296 [main] HashMove - Book Now link has clicked!!!
[INFO ] 2023-04-07 15:34:08.387 [main] HashMove - Next button has clicked!!!
[INFO ] 2023-04-07 15:34:12.534 [main] HashMove - Reference Number = 5102055 has entered
[INFO ] 2023-04-07 15:34:13.609 [main] HashMove - Shipping Instructions = Shipping instructions is a document, provided by the exporter (or agent) to the carrier, containing details of the cargo to be shipped, the parties involved and the requirements for its transportation. The shipping instructions are used by the carrier to create the Bill of Lading.
 has entered
[INFO ] 2023-04-07 15:34:13.755 [main] HashMove - Disclaimer has selected
[INFO ] 2023-04-07 15:34:13.822 [main] HashMove - Confirm button has clicked!!!
[INFO ] 2023-04-07 15:34:21.920 [main] HashMove - View Booking has clicked!!!
[INFO ] 2023-04-07 15:34:31.395 [main] HashMove - Consignee Name = Atco has entered
[INFO ] 2023-04-07 15:34:31.800 [main] HashMove - Contact Person = Syed Ahsan Abbas has entered
[INFO ] 2023-04-07 15:34:37.104 [main] HashMove - City = Karachi, Pakistan has entered
[INFO ] 2023-04-07 15:34:37.277 [main] HashMove - Contact Phone = 3452512522 has entered
[INFO ] 2023-04-07 15:34:37.468 [main] HashMove - Contact Email = yopmail.com has entered
[INFO ] 2023-04-07 15:34:41.060 [main] HashMove - Consignee Pin Address = Advance Payment at the time of Booking Confirmation has entered
[INFO ] 2023-04-07 15:34:45.488 [main] HashMove - Consignee Main Address = Advance Payment at the time of Booking Confirmation has entered
[INFO ] 2023-04-07 15:44:33.417 [main] HashMove - Hash Move Customer Portal Login page has opened
[INFO ] 2023-04-07 15:44:45.050 [main] HashMove - User ID = atco@hashmove.com has entered
[INFO ] 2023-04-07 15:44:45.691 [main] HashMove - Password = Hsm@1234 has entered
[INFO ] 2023-04-07 15:44:45.767 [main] HashMove - Login Now button has clicked!!!
[INFO ] 2023-04-07 15:44:58.567 [main] HashMove - Sea Shipment - LCL has selected
[INFO ] 2023-04-07 15:45:08.940 [main] HashMove - Cargo Readiness Month Year has selected
[INFO ] 2023-04-07 15:45:09.338 [main] HashMove - Cargo Readiness Day has selected
[INFO ] 2023-04-07 15:45:10.760 [main] HashMove - Cargo Type = General Goods has selected
[INFO ] 2023-04-07 15:45:12.284 [main] HashMove - HS Code = 2523.1000 has entered
[INFO ] 2023-04-07 15:45:15.616 [main] HashMove - Cargo Description = Cargo was originally a shipload but now covers all types of freight, including transport by rail, van, truck, or intermodal container. has entered
[INFO ] 2023-04-07 15:45:20.001 [main] HashMove - Pickup Location = Picking up from port would mean you are responsible to get your cargo delivered to the port of departure. has entered
[INFO ] 2023-04-07 15:45:23.748 [main] HashMove - Port of Pickup = PK KCT, KICT, Karachi, Pakistan (PK) has entered
[INFO ] 2023-04-07 15:45:31.952 [main] HashMove - Port of Delivery = SA JED, Jeddah, Jeddah, Saudi Arabia (SA) has entered
[INFO ] 2023-04-07 15:45:36.277 [main] HashMove - Package Type = Pallets has entered
[INFO ] 2023-04-07 15:45:38.537 [main] HashMove - Quantity = 1 has entered
[INFO ] 2023-04-07 15:45:40.716 [main] HashMove - Length = 111 has entered
[INFO ] 2023-04-07 15:45:42.938 [main] HashMove - Width = 111 has entered
[INFO ] 2023-04-07 15:45:45.197 [main] HashMove - Height = 111 has entered
[INFO ] 2023-04-07 15:45:51.903 [main] HashMove - Payment Terms link has clicked
[INFO ] 2023-04-07 15:45:55.080 [main] HashMove - Advance Payment at the time of Booking Confirmation has selected....
[INFO ] 2023-04-07 15:45:57.514 [main] HashMove - Request Spot Rate button has clicked!!!
[INFO ] 2023-04-07 15:46:31.651 [main] HashMove - Hash Move Provider Portal Login page has opened
[INFO ] 2023-04-07 15:46:41.959 [main] HashMove - User ID = costa@gmail.com has entered
[INFO ] 2023-04-07 15:46:42.151 [main] HashMove - Password = 123456 has entered
[INFO ] 2023-04-07 15:46:42.221 [main] HashMove - Login Now button has clicked!!!
[INFO ] 2023-04-07 15:46:47.375 [main] HashMove - Spot Rate link has clicked!!!
[INFO ] 2023-04-07 15:46:57.521 [main] HashMove - Click filter request link has clicked!!!
[INFO ] 2023-04-07 15:46:58.698 [main] HashMove - Spot Request Number has entered!!!
[INFO ] 2023-04-07 15:47:01.790 [main] HashMove - Filter Records button has clicked!!!
[INFO ] 2023-04-07 15:47:03.851 [main] HashMove - Provide Your Quote button has clicked!!!
[INFO ] 2023-04-07 15:47:10.295 [main] HashMove - Shipping Line = Hapag-Lloyd, Hapag-Lloyd Shipping has entered
[INFO ] 2023-04-07 15:47:15.544 [main] HashMove - Rate Per CBM = 8500 has entered
[INFO ] 2023-04-07 15:47:15.788 [main] HashMove - Chargeable CBM = 2 has entered
[INFO ] 2023-04-07 15:47:15.999 [main] HashMove - Bill of Lading = 200 has entered
[INFO ] 2023-04-07 15:47:16.181 [main] HashMove - LCL Destuffing = 30 has entered
[INFO ] 2023-04-07 15:47:16.347 [main] HashMove - Port Handling = 20 has entered
[INFO ] 2023-04-07 15:47:16.499 [main] HashMove - Terminal Handling Charge - Origin = 150 has entered
[INFO ] 2023-04-07 15:47:21.791 [main] HashMove - Rate Validity Start Date has entered
[INFO ] 2023-04-07 15:47:24.964 [main] HashMove - Rate Validity End Date has entered
[INFO ] 2023-04-07 15:47:27.067 [main] HashMove - I ACCEPT CUSTOMER PAYMENT TERMS has selected ...
[INFO ] 2023-04-07 15:47:32.237 [main] HashMove - Save and Close button has clicked!!!
[INFO ] 2023-04-07 15:47:34.309 [main] HashMove - Would you like to proceed? button has clicked!!!
[INFO ] 2023-04-07 15:47:40.599 [main] HashMove - Hash Move Customer Portal page has opened
[INFO ] 2023-04-07 15:47:50.760 [main] HashMove - Options Dropdown has clicked!!!
[INFO ] 2023-04-07 15:47:53.185 [main] HashMove - Spot Rates option has clicked!!!
[INFO ] 2023-04-07 15:48:01.281 [main] HashMove - Click filter request link has clicked!!!
[INFO ] 2023-04-07 15:48:02.448 [main] HashMove - Spot Request Number has entered!!!
[INFO ] 2023-04-07 15:48:05.542 [main] HashMove - Filter Records button has clicked!!!
[INFO ] 2023-04-07 15:48:07.605 [main] HashMove - View Quotes link has clicked!!!
[INFO ] 2023-04-07 15:48:09.690 [main] HashMove - Book Now link has clicked!!!
[INFO ] 2023-04-07 15:48:14.834 [main] HashMove - Next button has clicked!!!
[INFO ] 2023-04-07 15:48:18.972 [main] HashMove - Reference Number = 5102055 has entered
[INFO ] 2023-04-07 15:48:20.094 [main] HashMove - Shipping Instructions = Shipping instructions is a document, provided by the exporter (or agent) to the carrier, containing details of the cargo to be shipped, the parties involved and the requirements for its transportation. The shipping instructions are used by the carrier to create the Bill of Lading.
 has entered
[INFO ] 2023-04-07 15:48:20.178 [main] HashMove - Disclaimer has selected
[INFO ] 2023-04-07 15:48:20.241 [main] HashMove - Confirm button has clicked!!!
[INFO ] 2023-04-07 15:48:28.349 [main] HashMove - View Booking has clicked!!!
[INFO ] 2023-04-07 15:48:37.768 [main] HashMove - Consignee Name = Atco has entered
[INFO ] 2023-04-07 15:48:38.733 [main] HashMove - Contact Person = Syed Ahsan Abbas has entered
[INFO ] 2023-04-07 15:48:44.090 [main] HashMove - City = Karachi, Pakistan has entered
[INFO ] 2023-04-07 15:48:44.275 [main] HashMove - Contact Phone = 3452512522 has entered
[INFO ] 2023-04-07 15:48:44.462 [main] HashMove - Contact Email = yopmail.com has entered
[INFO ] 2023-04-07 15:48:48.029 [main] HashMove - Consignee Pin Address = Karachi Airport, Faisal Cantonment, Karachi, Pakistan has entered
[INFO ] 2023-04-07 15:48:52.404 [main] HashMove - Consignee Main Address = Karachi Airport, Faisal Cantonment, Karachi, Pakistan has entered
[INFO ] 2023-04-07 15:48:56.705 [main] HashMove - Shipper Name = Atco has entered
[INFO ] 2023-04-07 15:48:58.808 [main] HashMove - Shipper Information has added....
[INFO ] 2023-04-07 15:49:05.291 [main] HashMove - Consignee Name = Super Star has entered
[INFO ] 2023-04-07 16:00:49.828 [main] HashMove - Hash Move Customer Portal Login page has opened
[INFO ] 2023-04-07 16:01:01.997 [main] HashMove - User ID = atco@hashmove.com has entered
[INFO ] 2023-04-07 16:01:02.763 [main] HashMove - Password = Hsm@1234 has entered
[INFO ] 2023-04-07 16:01:02.880 [main] HashMove - Login Now button has clicked!!!
[INFO ] 2023-04-07 16:01:25.501 [main] HashMove - Sea Shipment - LCL has selected
[INFO ] 2023-04-07 16:01:35.934 [main] HashMove - Cargo Readiness Month Year has selected
[INFO ] 2023-04-07 16:01:36.305 [main] HashMove - Cargo Readiness Day has selected
[INFO ] 2023-04-07 16:01:37.808 [main] HashMove - Cargo Type = General Goods has selected
[INFO ] 2023-04-07 16:01:39.309 [main] HashMove - HS Code = 2523.1000 has entered
[INFO ] 2023-04-07 16:01:42.607 [main] HashMove - Cargo Description = Cargo was originally a shipload but now covers all types of freight, including transport by rail, van, truck, or intermodal container. has entered
[INFO ] 2023-04-07 16:01:47.105 [main] HashMove - Pickup Location = Picking up from port would mean you are responsible to get your cargo delivered to the port of departure. has entered
[INFO ] 2023-04-07 16:01:50.873 [main] HashMove - Port of Pickup = PK KCT, KICT, Karachi, Pakistan (PK) has entered
[INFO ] 2023-04-07 16:01:59.094 [main] HashMove - Port of Delivery = SA JED, Jeddah, Jeddah, Saudi Arabia (SA) has entered
[INFO ] 2023-04-07 16:02:03.548 [main] HashMove - Package Type = Pallets has entered
[INFO ] 2023-04-07 16:02:05.883 [main] HashMove - Quantity = 1 has entered
[INFO ] 2023-04-07 16:02:08.101 [main] HashMove - Length = 111 has entered
[INFO ] 2023-04-07 16:02:10.390 [main] HashMove - Width = 111 has entered
[INFO ] 2023-04-07 16:02:12.709 [main] HashMove - Height = 111 has entered
[INFO ] 2023-04-07 16:02:19.501 [main] HashMove - Payment Terms link has clicked
[INFO ] 2023-04-07 16:02:22.691 [main] HashMove - Advance Payment at the time of Booking Confirmation has selected....
[INFO ] 2023-04-07 16:02:25.117 [main] HashMove - Request Spot Rate button has clicked!!!
[INFO ] 2023-04-07 16:03:11.083 [main] HashMove - Hash Move Provider Portal Login page has opened
[INFO ] 2023-04-07 16:03:21.420 [main] HashMove - User ID = costa@gmail.com has entered
[INFO ] 2023-04-07 16:03:21.628 [main] HashMove - Password = 123456 has entered
[INFO ] 2023-04-07 16:03:21.716 [main] HashMove - Login Now button has clicked!!!
[INFO ] 2023-04-07 16:03:26.912 [main] HashMove - Spot Rate link has clicked!!!
[INFO ] 2023-04-07 16:03:37.108 [main] HashMove - Click filter request link has clicked!!!
[INFO ] 2023-04-07 16:03:38.297 [main] HashMove - Spot Request Number has entered!!!
[INFO ] 2023-04-07 16:03:41.394 [main] HashMove - Filter Records button has clicked!!!
[INFO ] 2023-04-07 16:03:43.464 [main] HashMove - Provide Your Quote button has clicked!!!
[INFO ] 2023-04-07 16:03:50.007 [main] HashMove - Shipping Line = Hapag-Lloyd, Hapag-Lloyd Shipping has entered
[INFO ] 2023-04-07 16:03:55.257 [main] HashMove - Rate Per CBM = 8500 has entered
[INFO ] 2023-04-07 16:03:55.457 [main] HashMove - Chargeable CBM = 2 has entered
[INFO ] 2023-04-07 16:03:55.609 [main] HashMove - Bill of Lading = 200 has entered
[INFO ] 2023-04-07 16:03:55.744 [main] HashMove - LCL Destuffing = 30 has entered
[INFO ] 2023-04-07 16:03:55.906 [main] HashMove - Port Handling = 20 has entered
[INFO ] 2023-04-07 16:03:56.048 [main] HashMove - Terminal Handling Charge - Origin = 150 has entered
[INFO ] 2023-04-07 16:04:01.382 [main] HashMove - Rate Validity Start Date has entered
[INFO ] 2023-04-07 16:04:04.589 [main] HashMove - Rate Validity End Date has entered
[INFO ] 2023-04-07 16:04:06.692 [main] HashMove - I ACCEPT CUSTOMER PAYMENT TERMS has selected ...
[INFO ] 2023-04-07 16:04:11.881 [main] HashMove - Save and Close button has clicked!!!
[INFO ] 2023-04-07 16:04:13.955 [main] HashMove - Would you like to proceed? button has clicked!!!
[INFO ] 2023-04-07 16:04:20.358 [main] HashMove - Hash Move Customer Portal page has opened
[INFO ] 2023-04-07 16:04:30.549 [main] HashMove - Options Dropdown has clicked!!!
[INFO ] 2023-04-07 16:04:33.069 [main] HashMove - Spot Rates option has clicked!!!
[INFO ] 2023-04-07 16:04:41.179 [main] HashMove - Click filter request link has clicked!!!
[INFO ] 2023-04-07 16:04:42.374 [main] HashMove - Spot Request Number has entered!!!
[INFO ] 2023-04-07 16:04:45.465 [main] HashMove - Filter Records button has clicked!!!
[INFO ] 2023-04-07 16:04:47.529 [main] HashMove - View Quotes link has clicked!!!
[INFO ] 2023-04-07 16:04:49.615 [main] HashMove - Book Now link has clicked!!!
[INFO ] 2023-04-07 16:04:54.734 [main] HashMove - Next button has clicked!!!
[INFO ] 2023-04-07 16:04:58.888 [main] HashMove - Reference Number = 5102055 has entered
[INFO ] 2023-04-07 16:05:00.083 [main] HashMove - Shipping Instructions = Shipping instructions is a document, provided by the exporter (or agent) to the carrier, containing details of the cargo to be shipped, the parties involved and the requirements for its transportation. The shipping instructions are used by the carrier to create the Bill of Lading.
 has entered
[INFO ] 2023-04-07 16:05:00.238 [main] HashMove - Disclaimer has selected
[INFO ] 2023-04-07 16:05:00.305 [main] HashMove - Confirm button has clicked!!!
[INFO ] 2023-04-07 16:05:08.505 [main] HashMove - View Booking has clicked!!!
[INFO ] 2023-04-07 16:05:18.804 [main] HashMove - Consignee Name = Atco has entered
[INFO ] 2023-04-07 16:05:19.029 [main] HashMove - Contact Person = Syed Ahsan Abbas has entered
[INFO ] 2023-04-07 16:05:24.522 [main] HashMove - City = Karachi, Pakistan has entered
[INFO ] 2023-04-07 16:05:24.728 [main] HashMove - Contact Phone = 3452512522 has entered
[INFO ] 2023-04-07 16:05:24.930 [main] HashMove - Contact Email = yopmail.com has entered
[INFO ] 2023-04-07 16:05:28.666 [main] HashMove - Consignee Pin Address = Karachi Airport, Faisal Cantonment, Karachi, Pakistan has entered
[INFO ] 2023-04-07 16:05:33.066 [main] HashMove - Consignee Main Address = Karachi Airport, Faisal Cantonment, Karachi, Pakistan has entered
[INFO ] 2023-04-07 16:05:37.501 [main] HashMove - Shipper Name = Atco has entered
[INFO ] 2023-04-07 16:05:39.613 [main] HashMove - Shipper Information has added....
[INFO ] 2023-04-07 16:05:46.035 [main] HashMove - Consignee Name = Dell has entered
[INFO ] 2023-04-07 16:15:45.936 [main] HashMove - Hash Move Customer Portal Login page has opened
[INFO ] 2023-04-07 16:16:57.415 [main] HashMove - Hash Move Customer Portal Login page has opened
[INFO ] 2023-04-07 16:17:09.338 [main] HashMove - User ID = atco@hashmove.com has entered
[INFO ] 2023-04-07 16:17:09.983 [main] HashMove - Password = Hsm@1234 has entered
[INFO ] 2023-04-07 16:17:10.072 [main] HashMove - Login Now button has clicked!!!
[INFO ] 2023-04-07 16:17:30.344 [main] HashMove - Sea Shipment - LCL has selected
[INFO ] 2023-04-07 16:17:40.696 [main] HashMove - Cargo Readiness Month Year has selected
[INFO ] 2023-04-07 16:17:41.108 [main] HashMove - Cargo Readiness Day has selected
[INFO ] 2023-04-07 16:17:42.600 [main] HashMove - Cargo Type = General Goods has selected
[INFO ] 2023-04-07 16:17:44.095 [main] HashMove - HS Code = 2523.1000 has entered
[INFO ] 2023-04-07 16:17:47.410 [main] HashMove - Cargo Description = Cargo was originally a shipload but now covers all types of freight, including transport by rail, van, truck, or intermodal container. has entered
[INFO ] 2023-04-07 16:17:51.853 [main] HashMove - Pickup Location = Picking up from port would mean you are responsible to get your cargo delivered to the port of departure. has entered
[INFO ] 2023-04-07 16:17:55.656 [main] HashMove - Port of Pickup = PK KCT, KICT, Karachi, Pakistan (PK) has entered
[INFO ] 2023-04-07 16:18:03.803 [main] HashMove - Port of Delivery = SA JED, Jeddah, Jeddah, Saudi Arabia (SA) has entered
[INFO ] 2023-04-07 16:18:08.150 [main] HashMove - Package Type = Pallets has entered
[INFO ] 2023-04-07 16:18:10.506 [main] HashMove - Quantity = 1 has entered
[INFO ] 2023-04-07 16:18:12.820 [main] HashMove - Length = 111 has entered
[INFO ] 2023-04-07 16:18:15.082 [main] HashMove - Width = 111 has entered
[INFO ] 2023-04-07 16:18:17.396 [main] HashMove - Height = 111 has entered
[INFO ] 2023-04-07 16:18:24.256 [main] HashMove - Payment Terms link has clicked
[INFO ] 2023-04-07 16:18:27.463 [main] HashMove - Advance Payment at the time of Booking Confirmation has selected....
[INFO ] 2023-04-07 16:18:29.910 [main] HashMove - Request Spot Rate button has clicked!!!
[INFO ] 2023-04-07 16:19:04.132 [main] HashMove - Hash Move Provider Portal Login page has opened
[INFO ] 2023-04-07 16:19:14.588 [main] HashMove - User ID = costa@gmail.com has entered
[INFO ] 2023-04-07 16:19:14.821 [main] HashMove - Password = 123456 has entered
[INFO ] 2023-04-07 16:19:14.899 [main] HashMove - Login Now button has clicked!!!
[INFO ] 2023-04-07 16:19:20.102 [main] HashMove - Spot Rate link has clicked!!!
[INFO ] 2023-04-07 16:19:30.278 [main] HashMove - Click filter request link has clicked!!!
[INFO ] 2023-04-07 16:19:31.460 [main] HashMove - Spot Request Number has entered!!!
[INFO ] 2023-04-07 16:19:34.581 [main] HashMove - Filter Records button has clicked!!!
[INFO ] 2023-04-07 16:19:36.655 [main] HashMove - Provide Your Quote button has clicked!!!
[INFO ] 2023-04-07 16:19:43.059 [main] HashMove - Shipping Line = Hapag-Lloyd, Hapag-Lloyd Shipping has entered
[INFO ] 2023-04-07 16:19:48.306 [main] HashMove - Rate Per CBM = 8500 has entered
[INFO ] 2023-04-07 16:19:48.510 [main] HashMove - Chargeable CBM = 2 has entered
[INFO ] 2023-04-07 16:19:48.642 [main] HashMove - Bill of Lading = 200 has entered
[INFO ] 2023-04-07 16:19:48.795 [main] HashMove - LCL Destuffing = 30 has entered
[INFO ] 2023-04-07 16:19:48.946 [main] HashMove - Port Handling = 20 has entered
[INFO ] 2023-04-07 16:19:49.086 [main] HashMove - Terminal Handling Charge - Origin = 150 has entered
[INFO ] 2023-04-07 16:19:54.476 [main] HashMove - Rate Validity Start Date has entered
[INFO ] 2023-04-07 16:19:57.695 [main] HashMove - Rate Validity End Date has entered
[INFO ] 2023-04-07 16:19:59.796 [main] HashMove - I ACCEPT CUSTOMER PAYMENT TERMS has selected ...
[INFO ] 2023-04-07 16:20:04.988 [main] HashMove - Save and Close button has clicked!!!
[INFO ] 2023-04-07 16:20:07.076 [main] HashMove - Would you like to proceed? button has clicked!!!
[INFO ] 2023-04-07 16:20:13.968 [main] HashMove - Hash Move Customer Portal page has opened
[INFO ] 2023-04-07 16:20:24.179 [main] HashMove - Options Dropdown has clicked!!!
[INFO ] 2023-04-07 16:20:26.678 [main] HashMove - Spot Rates option has clicked!!!
[INFO ] 2023-04-07 16:20:34.781 [main] HashMove - Click filter request link has clicked!!!
[INFO ] 2023-04-07 16:20:35.985 [main] HashMove - Spot Request Number has entered!!!
[INFO ] 2023-04-07 16:20:39.084 [main] HashMove - Filter Records button has clicked!!!
[INFO ] 2023-04-07 16:20:41.170 [main] HashMove - View Quotes link has clicked!!!
[INFO ] 2023-04-07 16:20:43.336 [main] HashMove - Book Now link has clicked!!!
[INFO ] 2023-04-07 16:20:48.450 [main] HashMove - Next button has clicked!!!
[INFO ] 2023-04-07 16:20:52.614 [main] HashMove - Reference Number = 5102055 has entered
[INFO ] 2023-04-07 16:20:53.882 [main] HashMove - Shipping Instructions = Shipping instructions is a document, provided by the exporter (or agent) to the carrier, containing details of the cargo to be shipped, the parties involved and the requirements for its transportation. The shipping instructions are used by the carrier to create the Bill of Lading.
 has entered
[INFO ] 2023-04-07 16:20:53.983 [main] HashMove - Disclaimer has selected
[INFO ] 2023-04-07 16:20:54.050 [main] HashMove - Confirm button has clicked!!!
[INFO ] 2023-04-07 16:21:02.171 [main] HashMove - View Booking has clicked!!!
[INFO ] 2023-04-07 16:21:12.366 [main] HashMove - Consignee Name = Atco7480 has entered
[INFO ] 2023-04-07 16:21:12.611 [main] HashMove - Contact Person = Syed Ahsan Abbas has entered
[INFO ] 2023-04-07 16:21:17.982 [main] HashMove - City = Karachi, Pakistan has entered
[INFO ] 2023-04-07 16:21:18.186 [main] HashMove - Contact Phone = 3452512522 has entered
[INFO ] 2023-04-07 16:21:18.451 [main] HashMove - Contact Email = yopmail.com has entered
[INFO ] 2023-04-07 16:21:22.227 [main] HashMove - Consignee Pin Address = Karachi Airport, Faisal Cantonment, Karachi, Pakistan has entered
[INFO ] 2023-04-07 16:21:26.637 [main] HashMove - Consignee Main Address = Karachi Airport, Faisal Cantonment, Karachi, Pakistan has entered
[INFO ] 2023-04-07 16:21:31.020 [main] HashMove - Shipper Name = Karachi Airport, Faisal Cantonment, Karachi, Pakistan has entered
[INFO ] 2023-04-07 16:21:33.148 [main] HashMove - Shipper Information has added....
[INFO ] 2023-04-07 16:30:08.149 [main] HashMove - Hash Move Customer Portal Login page has opened
[INFO ] 2023-04-07 16:30:19.985 [main] HashMove - User ID = atco@hashmove.com has entered
[INFO ] 2023-04-07 16:30:20.779 [main] HashMove - Password = Hsm@1234 has entered
[INFO ] 2023-04-07 16:30:20.862 [main] HashMove - Login Now button has clicked!!!
[INFO ] 2023-04-07 16:30:34.542 [main] HashMove - Sea Shipment - LCL has selected
[INFO ] 2023-04-07 16:30:44.905 [main] HashMove - Cargo Readiness Month Year has selected
[INFO ] 2023-04-07 16:30:45.254 [main] HashMove - Cargo Readiness Day has selected
[INFO ] 2023-04-07 16:30:46.652 [main] HashMove - Cargo Type = General Goods has selected
[INFO ] 2023-04-07 16:30:48.153 [main] HashMove - HS Code = 2523.1000 has entered
[INFO ] 2023-04-07 16:30:51.565 [main] HashMove - Cargo Description = Cargo was originally a shipload but now covers all types of freight, including transport by rail, van, truck, or intermodal container. has entered
[INFO ] 2023-04-07 16:30:55.984 [main] HashMove - Pickup Location = Picking up from port would mean you are responsible to get your cargo delivered to the port of departure. has entered
[INFO ] 2023-04-07 16:30:59.952 [main] HashMove - Port of Pickup = PK KCT, KICT, Karachi, Pakistan (PK) has entered
[INFO ] 2023-04-07 16:31:08.150 [main] HashMove - Port of Delivery = SA JED, Jeddah, Jeddah, Saudi Arabia (SA) has entered
[INFO ] 2023-04-07 16:31:12.563 [main] HashMove - Package Type = Pallets has entered
[INFO ] 2023-04-07 16:31:14.827 [main] HashMove - Quantity = 1 has entered
[INFO ] 2023-04-07 16:31:17.132 [main] HashMove - Length = 111 has entered
[INFO ] 2023-04-07 16:31:19.599 [main] HashMove - Width = 111 has entered
[INFO ] 2023-04-07 16:31:21.893 [main] HashMove - Height = 111 has entered
[INFO ] 2023-04-07 16:31:28.643 [main] HashMove - Payment Terms link has clicked
[INFO ] 2023-04-07 16:31:31.870 [main] HashMove - Advance Payment at the time of Booking Confirmation has selected....
[INFO ] 2023-04-07 16:31:34.339 [main] HashMove - Request Spot Rate button has clicked!!!
[INFO ] 2023-04-07 16:32:08.368 [main] HashMove - Hash Move Provider Portal Login page has opened
[INFO ] 2023-04-07 16:32:18.813 [main] HashMove - User ID = costa@gmail.com has entered
[INFO ] 2023-04-07 16:32:19.084 [main] HashMove - Password = 123456 has entered
[INFO ] 2023-04-07 16:32:19.178 [main] HashMove - Login Now button has clicked!!!
[INFO ] 2023-04-07 16:32:24.300 [main] HashMove - Spot Rate link has clicked!!!
[INFO ] 2023-04-07 16:32:34.465 [main] HashMove - Click filter request link has clicked!!!
[INFO ] 2023-04-07 16:32:35.646 [main] HashMove - Spot Request Number has entered!!!
[INFO ] 2023-04-07 16:32:38.757 [main] HashMove - Filter Records button has clicked!!!
[INFO ] 2023-04-07 16:32:40.828 [main] HashMove - Provide Your Quote button has clicked!!!
[INFO ] 2023-04-07 16:32:47.272 [main] HashMove - Shipping Line = Hapag-Lloyd, Hapag-Lloyd Shipping has entered
[INFO ] 2023-04-07 16:32:52.553 [main] HashMove - Rate Per CBM = 8500 has entered
[INFO ] 2023-04-07 16:32:52.755 [main] HashMove - Chargeable CBM = 2 has entered
[INFO ] 2023-04-07 16:32:52.909 [main] HashMove - Bill of Lading = 200 has entered
[INFO ] 2023-04-07 16:32:53.055 [main] HashMove - LCL Destuffing = 30 has entered
[INFO ] 2023-04-07 16:32:53.242 [main] HashMove - Port Handling = 20 has entered
[INFO ] 2023-04-07 16:32:53.425 [main] HashMove - Terminal Handling Charge - Origin = 150 has entered
[INFO ] 2023-04-07 16:32:58.722 [main] HashMove - Rate Validity Start Date has entered
[INFO ] 2023-04-07 16:33:01.913 [main] HashMove - Rate Validity End Date has entered
[INFO ] 2023-04-07 16:33:04.022 [main] HashMove - I ACCEPT CUSTOMER PAYMENT TERMS has selected ...
[INFO ] 2023-04-07 16:33:09.219 [main] HashMove - Save and Close button has clicked!!!
[INFO ] 2023-04-07 16:33:11.337 [main] HashMove - Would you like to proceed? button has clicked!!!
[INFO ] 2023-04-07 16:33:17.739 [main] HashMove - Hash Move Customer Portal page has opened
[INFO ] 2023-04-07 16:33:27.898 [main] HashMove - Options Dropdown has clicked!!!
[INFO ] 2023-04-07 16:33:30.498 [main] HashMove - Spot Rates option has clicked!!!
[INFO ] 2023-04-07 16:33:38.632 [main] HashMove - Click filter request link has clicked!!!
[INFO ] 2023-04-07 16:33:39.824 [main] HashMove - Spot Request Number has entered!!!
[INFO ] 2023-04-07 16:33:42.930 [main] HashMove - Filter Records button has clicked!!!
[INFO ] 2023-04-07 16:33:44.999 [main] HashMove - View Quotes link has clicked!!!
[INFO ] 2023-04-07 16:33:47.184 [main] HashMove - Book Now link has clicked!!!
[INFO ] 2023-04-07 16:33:52.293 [main] HashMove - Next button has clicked!!!
[INFO ] 2023-04-07 16:33:56.455 [main] HashMove - Reference Number = 5102055 has entered
[INFO ] 2023-04-07 16:33:57.776 [main] HashMove - Shipping Instructions = Shipping instructions is a document, provided by the exporter (or agent) to the carrier, containing details of the cargo to be shipped, the parties involved and the requirements for its transportation. The shipping instructions are used by the carrier to create the Bill of Lading.
 has entered
[INFO ] 2023-04-07 16:33:57.870 [main] HashMove - Disclaimer has selected
[INFO ] 2023-04-07 16:33:57.938 [main] HashMove - Confirm button has clicked!!!
[INFO ] 2023-04-07 16:34:06.053 [main] HashMove - View Booking has clicked!!!
[INFO ] 2023-04-07 16:34:15.614 [main] HashMove - Consignee Name = Atco1358 has entered
[INFO ] 2023-04-07 16:34:15.852 [main] HashMove - Contact Person = Syed Ahsan Abbas has entered
[INFO ] 2023-04-07 16:34:21.192 [main] HashMove - City = Karachi, Pakistan has entered
[INFO ] 2023-04-07 16:34:21.365 [main] HashMove - Contact Phone = 3452512522 has entered
[INFO ] 2023-04-07 16:34:21.580 [main] HashMove - Contact Email = yopmail.com has entered
[INFO ] 2023-04-07 16:34:25.176 [main] HashMove - Consignee Pin Address = Karachi Airport, Faisal Cantonment, Karachi, Pakistan has entered
[INFO ] 2023-04-07 16:34:29.679 [main] HashMove - Consignee Main Address = Karachi Airport, Faisal Cantonment, Karachi, Pakistan has entered
[INFO ] 2023-04-07 16:34:33.971 [main] HashMove - Shipper Name = Karachi Airport, Faisal Cantonment, Karachi, Pakistan has entered
[INFO ] 2023-04-07 16:34:36.103 [main] HashMove - Shipper Information has added....
[INFO ] 2023-04-07 16:34:40.397 [main] HashMove - Consignee Name = Dell8113 has entered
[INFO ] 2023-04-07 16:34:40.629 [main] HashMove - Contact Person = Salman bin Abdulaziz has entered
[INFO ] 2023-04-07 16:34:45.983 [main] HashMove - City = Jeddah, Saudi Arabia has entered
[INFO ] 2023-04-07 16:34:46.209 [main] HashMove - Contact Phone = 845154555 has entered
[INFO ] 2023-04-07 16:34:46.421 [main] HashMove - Contact Email = yopmail.com has entered
[INFO ] 2023-04-07 16:34:49.842 [main] HashMove - Consignee Pin Address = Jeddah, Saudi Arabia has entered
[INFO ] 2023-04-07 16:34:54.122 [main] HashMove - Consignee Main Address = Jeddah, Saudi Arabia has entered
[INFO ] 2023-04-07 16:37:29.655 [main] HashMove - Hash Move Customer Portal Login page has opened
[INFO ] 2023-04-07 16:37:41.489 [main] HashMove - User ID = atco@hashmove.com has entered
[INFO ] 2023-04-07 16:37:42.299 [main] HashMove - Password = Hsm@1234 has entered
[INFO ] 2023-04-07 16:37:42.392 [main] HashMove - Login Now button has clicked!!!
[INFO ] 2023-04-07 16:38:07.868 [main] HashMove - Sea Shipment - LCL has selected
[INFO ] 2023-04-07 16:38:18.410 [main] HashMove - Cargo Readiness Month Year has selected
[INFO ] 2023-04-07 16:38:18.882 [main] HashMove - Cargo Readiness Day has selected
[INFO ] 2023-04-07 16:38:20.365 [main] HashMove - Cargo Type = General Goods has selected
[INFO ] 2023-04-07 16:38:21.900 [main] HashMove - HS Code = 2523.1000 has entered
[INFO ] 2023-04-07 16:38:25.231 [main] HashMove - Cargo Description = Cargo was originally a shipload but now covers all types of freight, including transport by rail, van, truck, or intermodal container. has entered
[INFO ] 2023-04-07 16:38:29.670 [main] HashMove - Pickup Location = Picking up from port would mean you are responsible to get your cargo delivered to the port of departure. has entered
[INFO ] 2023-04-07 16:38:33.520 [main] HashMove - Port of Pickup = PK KCT, KICT, Karachi, Pakistan (PK) has entered
[INFO ] 2023-04-07 16:38:41.758 [main] HashMove - Port of Delivery = SA JED, Jeddah, Jeddah, Saudi Arabia (SA) has entered
[INFO ] 2023-04-07 16:38:46.129 [main] HashMove - Package Type = Pallets has entered
[INFO ] 2023-04-07 16:38:48.464 [main] HashMove - Quantity = 1 has entered
[INFO ] 2023-04-07 16:38:50.681 [main] HashMove - Length = 111 has entered
[INFO ] 2023-04-07 16:38:52.919 [main] HashMove - Width = 111 has entered
[INFO ] 2023-04-07 16:38:55.314 [main] HashMove - Height = 111 has entered
[INFO ] 2023-04-07 16:39:02.117 [main] HashMove - Payment Terms link has clicked
[INFO ] 2023-04-07 16:39:05.317 [main] HashMove - Advance Payment at the time of Booking Confirmation has selected....
[INFO ] 2023-04-07 16:39:07.784 [main] HashMove - Request Spot Rate button has clicked!!!
[INFO ] 2023-04-07 16:39:42.405 [main] HashMove - Hash Move Provider Portal Login page has opened
[INFO ] 2023-04-07 16:39:52.744 [main] HashMove - User ID = costa@gmail.com has entered
[INFO ] 2023-04-07 16:39:52.919 [main] HashMove - Password = 123456 has entered
[INFO ] 2023-04-07 16:39:52.999 [main] HashMove - Login Now button has clicked!!!
[INFO ] 2023-04-07 16:39:58.171 [main] HashMove - Spot Rate link has clicked!!!
[INFO ] 2023-04-07 16:40:08.345 [main] HashMove - Click filter request link has clicked!!!
[INFO ] 2023-04-07 16:40:09.541 [main] HashMove - Spot Request Number has entered!!!
[INFO ] 2023-04-07 16:40:12.697 [main] HashMove - Filter Records button has clicked!!!
[INFO ] 2023-04-07 16:40:14.773 [main] HashMove - Provide Your Quote button has clicked!!!
[INFO ] 2023-04-07 16:40:21.231 [main] HashMove - Shipping Line = Hapag-Lloyd, Hapag-Lloyd Shipping has entered
[INFO ] 2023-04-07 16:40:26.469 [main] HashMove - Rate Per CBM = 8500 has entered
[INFO ] 2023-04-07 16:40:26.667 [main] HashMove - Chargeable CBM = 2 has entered
[INFO ] 2023-04-07 16:40:26.847 [main] HashMove - Bill of Lading = 200 has entered
[INFO ] 2023-04-07 16:40:27.079 [main] HashMove - LCL Destuffing = 30 has entered
[INFO ] 2023-04-07 16:40:27.240 [main] HashMove - Port Handling = 20 has entered
[INFO ] 2023-04-07 16:40:27.451 [main] HashMove - Terminal Handling Charge - Origin = 150 has entered
[INFO ] 2023-04-07 16:40:32.747 [main] HashMove - Rate Validity Start Date has entered
[INFO ] 2023-04-07 16:40:35.937 [main] HashMove - Rate Validity End Date has entered
[INFO ] 2023-04-07 16:40:38.074 [main] HashMove - I ACCEPT CUSTOMER PAYMENT TERMS has selected ...
[INFO ] 2023-04-07 16:40:43.302 [main] HashMove - Save and Close button has clicked!!!
[INFO ] 2023-04-07 16:40:45.381 [main] HashMove - Would you like to proceed? button has clicked!!!
[INFO ] 2023-04-07 16:40:51.973 [main] HashMove - Hash Move Customer Portal page has opened
[INFO ] 2023-04-07 16:41:02.141 [main] HashMove - Options Dropdown has clicked!!!
[INFO ] 2023-04-07 16:41:04.770 [main] HashMove - Spot Rates option has clicked!!!
[INFO ] 2023-04-07 16:41:12.873 [main] HashMove - Click filter request link has clicked!!!
[INFO ] 2023-04-07 16:41:14.065 [main] HashMove - Spot Request Number has entered!!!
[INFO ] 2023-04-07 16:41:17.171 [main] HashMove - Filter Records button has clicked!!!
[INFO ] 2023-04-07 16:41:19.250 [main] HashMove - View Quotes link has clicked!!!
[INFO ] 2023-04-07 16:41:21.334 [main] HashMove - Book Now link has clicked!!!
[INFO ] 2023-04-07 16:41:26.449 [main] HashMove - Next button has clicked!!!
[INFO ] 2023-04-07 16:41:30.629 [main] HashMove - Reference Number = 5102055 has entered
[INFO ] 2023-04-07 16:41:31.894 [main] HashMove - Shipping Instructions = Shipping instructions is a document, provided by the exporter (or agent) to the carrier, containing details of the cargo to be shipped, the parties involved and the requirements for its transportation. The shipping instructions are used by the carrier to create the Bill of Lading.
 has entered
[INFO ] 2023-04-07 16:41:31.980 [main] HashMove - Disclaimer has selected
[INFO ] 2023-04-07 16:41:32.054 [main] HashMove - Confirm button has clicked!!!
[INFO ] 2023-04-07 16:41:40.181 [main] HashMove - View Booking has clicked!!!
[INFO ] 2023-04-07 16:41:49.571 [main] HashMove - Consignee Name = Atco3465 has entered
[INFO ] 2023-04-07 16:41:49.780 [main] HashMove - Contact Person = Syed Ahsan Abbas has entered
[INFO ] 2023-04-07 16:41:55.194 [main] HashMove - City = Karachi, Pakistan has entered
[INFO ] 2023-04-07 16:41:55.389 [main] HashMove - Contact Phone = 3452512522 has entered
[INFO ] 2023-04-07 16:41:55.631 [main] HashMove - Contact Email = yopmail.com has entered
[INFO ] 2023-04-07 16:41:59.213 [main] HashMove - Consignee Pin Address = Karachi Airport, Faisal Cantonment, Karachi, Pakistan has entered
[INFO ] 2023-04-07 16:42:03.713 [main] HashMove - Consignee Main Address = Karachi Airport, Faisal Cantonment, Karachi, Pakistan has entered
[INFO ] 2023-04-07 16:42:08.073 [main] HashMove - Shipper Name = Karachi Airport, Faisal Cantonment, Karachi, Pakistan has entered
[INFO ] 2023-04-07 16:42:10.200 [main] HashMove - Shipper Information has added....
[INFO ] 2023-04-07 16:42:14.535 [main] HashMove - Consignee Name = Dell5974 has entered
[INFO ] 2023-04-07 16:42:14.884 [main] HashMove - Contact Person = Salman bin Abdulaziz has entered
[INFO ] 2023-04-07 16:42:20.307 [main] HashMove - City = Jeddah, Saudi Arabia has entered
[INFO ] 2023-04-07 16:42:20.475 [main] HashMove - Contact Phone = 845154555 has entered
[INFO ] 2023-04-07 16:42:20.767 [main] HashMove - Contact Email = yopmail.com has entered
[INFO ] 2023-04-07 16:42:24.381 [main] HashMove - Consignee Pin Address = Jeddah, Saudi Arabia has entered
[INFO ] 2023-04-07 16:42:28.709 [main] HashMove - Consignee Main Address = Jeddah, Saudi Arabia has entered
[INFO ] 2023-04-07 16:42:35.000 [main] HashMove - Consignee Name = Jeddah, Saudi Arabia has entered
[INFO ] 2023-04-07 16:49:14.090 [main] HashMove - Hash Move Customer Portal Login page has opened
[INFO ] 2023-04-07 16:49:25.983 [main] HashMove - User ID = atco@hashmove.com has entered
[INFO ] 2023-04-07 16:49:26.632 [main] HashMove - Password = Hsm@1234 has entered
[INFO ] 2023-04-07 16:49:26.745 [main] HashMove - Login Now button has clicked!!!
[INFO ] 2023-04-07 16:49:48.893 [main] HashMove - Sea Shipment - LCL has selected
[INFO ] 2023-04-07 16:49:59.320 [main] HashMove - Cargo Readiness Month Year has selected
[INFO ] 2023-04-07 16:49:59.848 [main] HashMove - Cargo Readiness Day has selected
[INFO ] 2023-04-07 16:50:01.509 [main] HashMove - Cargo Type = General Goods has selected
[INFO ] 2023-04-07 16:50:03.109 [main] HashMove - HS Code = 2523.1000 has entered
[INFO ] 2023-04-07 16:50:06.577 [main] HashMove - Cargo Description = Cargo was originally a shipload but now covers all types of freight, including transport by rail, van, truck, or intermodal container. has entered
[INFO ] 2023-04-07 16:50:11.011 [main] HashMove - Pickup Location = Picking up from port would mean you are responsible to get your cargo delivered to the port of departure. has entered
[INFO ] 2023-04-07 16:50:14.892 [main] HashMove - Port of Pickup = PK KCT, KICT, Karachi, Pakistan (PK) has entered
[INFO ] 2023-04-07 16:50:23.207 [main] HashMove - Port of Delivery = SA JED, Jeddah, Jeddah, Saudi Arabia (SA) has entered
[INFO ] 2023-04-07 16:50:27.684 [main] HashMove - Package Type = Pallets has entered
[INFO ] 2023-04-07 16:50:30.002 [main] HashMove - Quantity = 1 has entered
[INFO ] 2023-04-07 16:50:32.230 [main] HashMove - Length = 111 has entered
[INFO ] 2023-04-07 16:50:34.519 [main] HashMove - Width = 111 has entered
[INFO ] 2023-04-07 16:50:36.811 [main] HashMove - Height = 111 has entered
[INFO ] 2023-04-07 16:50:43.573 [main] HashMove - Payment Terms link has clicked
[INFO ] 2023-04-07 16:50:46.791 [main] HashMove - Advance Payment at the time of Booking Confirmation has selected....
[INFO ] 2023-04-07 16:50:49.231 [main] HashMove - Request Spot Rate button has clicked!!!
[INFO ] 2023-04-07 16:51:23.655 [main] HashMove - Hash Move Provider Portal Login page has opened
[INFO ] 2023-04-07 16:51:34.141 [main] HashMove - User ID = costa@gmail.com has entered
[INFO ] 2023-04-07 16:51:34.389 [main] HashMove - Password = 123456 has entered
[INFO ] 2023-04-07 16:51:34.469 [main] HashMove - Login Now button has clicked!!!
[INFO ] 2023-04-07 16:51:39.666 [main] HashMove - Spot Rate link has clicked!!!
[INFO ] 2023-04-07 16:51:49.835 [main] HashMove - Click filter request link has clicked!!!
[INFO ] 2023-04-07 16:51:51.019 [main] HashMove - Spot Request Number has entered!!!
[INFO ] 2023-04-07 16:51:54.131 [main] HashMove - Filter Records button has clicked!!!
[INFO ] 2023-04-07 16:51:56.199 [main] HashMove - Provide Your Quote button has clicked!!!
[INFO ] 2023-04-07 16:52:02.660 [main] HashMove - Shipping Line = Hapag-Lloyd, Hapag-Lloyd Shipping has entered
[INFO ] 2023-04-07 16:52:07.903 [main] HashMove - Rate Per CBM = 8500 has entered
[INFO ] 2023-04-07 16:52:08.110 [main] HashMove - Chargeable CBM = 2 has entered
[INFO ] 2023-04-07 16:52:08.307 [main] HashMove - Bill of Lading = 200 has entered
[INFO ] 2023-04-07 16:52:08.473 [main] HashMove - LCL Destuffing = 30 has entered
[INFO ] 2023-04-07 16:52:08.610 [main] HashMove - Port Handling = 20 has entered
[INFO ] 2023-04-07 16:52:08.748 [main] HashMove - Terminal Handling Charge - Origin = 150 has entered
[INFO ] 2023-04-07 16:52:14.105 [main] HashMove - Rate Validity Start Date has entered
[INFO ] 2023-04-07 16:52:17.306 [main] HashMove - Rate Validity End Date has entered
[INFO ] 2023-04-07 16:52:19.430 [main] HashMove - I ACCEPT CUSTOMER PAYMENT TERMS has selected ...
[INFO ] 2023-04-07 16:52:24.625 [main] HashMove - Save and Close button has clicked!!!
[INFO ] 2023-04-07 16:52:26.706 [main] HashMove - Would you like to proceed? button has clicked!!!
[INFO ] 2023-04-07 16:52:33.173 [main] HashMove - Hash Move Customer Portal page has opened
[INFO ] 2023-04-07 16:52:43.341 [main] HashMove - Options Dropdown has clicked!!!
[INFO ] 2023-04-07 16:52:45.902 [main] HashMove - Spot Rates option has clicked!!!
[INFO ] 2023-04-07 16:52:54.013 [main] HashMove - Click filter request link has clicked!!!
[INFO ] 2023-04-07 16:52:55.195 [main] HashMove - Spot Request Number has entered!!!
[INFO ] 2023-04-07 16:52:58.305 [main] HashMove - Filter Records button has clicked!!!
[INFO ] 2023-04-07 16:53:00.386 [main] HashMove - View Quotes link has clicked!!!
[INFO ] 2023-04-07 16:53:02.472 [main] HashMove - Book Now link has clicked!!!
[INFO ] 2023-04-07 16:53:07.580 [main] HashMove - Next button has clicked!!!
[INFO ] 2023-04-07 16:53:11.768 [main] HashMove - Reference Number = 5102055 has entered
[INFO ] 2023-04-07 16:53:13.083 [main] HashMove - Shipping Instructions = Shipping instructions is a document, provided by the exporter (or agent) to the carrier, containing details of the cargo to be shipped, the parties involved and the requirements for its transportation. The shipping instructions are used by the carrier to create the Bill of Lading.
 has entered
[INFO ] 2023-04-07 16:53:13.279 [main] HashMove - Disclaimer has selected
[INFO ] 2023-04-07 16:53:13.363 [main] HashMove - Confirm button has clicked!!!
[INFO ] 2023-04-07 16:53:21.487 [main] HashMove - View Booking has clicked!!!
[INFO ] 2023-04-07 16:53:30.895 [main] HashMove - Consignee Name = Atco9433 has entered
[INFO ] 2023-04-07 16:53:31.297 [main] HashMove - Contact Person = Syed Ahsan Abbas has entered
[INFO ] 2023-04-07 16:53:36.760 [main] HashMove - City = Karachi, Pakistan has entered
[INFO ] 2023-04-07 16:53:36.957 [main] HashMove - Contact Phone = 3452512522 has entered
[INFO ] 2023-04-07 16:53:37.182 [main] HashMove - Contact Email = yopmail.com has entered
[INFO ] 2023-04-07 16:53:41.003 [main] HashMove - Consignee Pin Address = Karachi Airport, Faisal Cantonment, Karachi, Pakistan has entered
[INFO ] 2023-04-07 16:53:45.553 [main] HashMove - Consignee Main Address = Karachi Airport, Faisal Cantonment, Karachi, Pakistan has entered
[INFO ] 2023-04-07 16:53:49.936 [main] HashMove - Shipper Name = Karachi Airport, Faisal Cantonment, Karachi, Pakistan has entered
[INFO ] 2023-04-07 16:53:52.050 [main] HashMove - Shipper Information has added....
[INFO ] 2023-04-07 16:53:56.332 [main] HashMove - Consignee Name = Dell9812 has entered
[INFO ] 2023-04-07 16:53:56.736 [main] HashMove - Contact Person = Salman bin Abdulaziz has entered
[INFO ] 2023-04-07 16:54:02.116 [main] HashMove - City = Jeddah, Saudi Arabia has entered
[INFO ] 2023-04-07 16:54:02.303 [main] HashMove - Contact Phone = 845154555 has entered
[INFO ] 2023-04-07 16:54:02.533 [main] HashMove - Contact Email = yopmail.com has entered
[INFO ] 2023-04-07 16:54:06.139 [main] HashMove - Consignee Pin Address = Jeddah, Saudi Arabia has entered
[INFO ] 2023-04-07 16:54:10.436 [main] HashMove - Consignee Main Address = Jeddah, Saudi Arabia has entered
[INFO ] 2023-04-07 16:54:16.749 [main] HashMove - Consignee Name = Dell9812 has entered
[INFO ] 2023-04-07 16:54:18.846 [main] HashMove - Consignee Information has added....
[INFO ] 2023-04-07 16:56:47.113 [main] HashMove - Hash Move Customer Portal Login page has opened
[INFO ] 2023-04-07 16:56:59.094 [main] HashMove - User ID = atco@hashmove.com has entered
[INFO ] 2023-04-07 16:56:59.631 [main] HashMove - Password = Hsm@1234 has entered
[INFO ] 2023-04-07 16:56:59.728 [main] HashMove - Login Now button has clicked!!!
[INFO ] 2023-04-07 16:57:12.655 [main] HashMove - Sea Shipment - LCL has selected
[INFO ] 2023-04-07 16:57:23.040 [main] HashMove - Cargo Readiness Month Year has selected
[INFO ] 2023-04-07 16:57:23.540 [main] HashMove - Cargo Readiness Day has selected
[INFO ] 2023-04-07 16:57:25.105 [main] HashMove - Cargo Type = General Goods has selected
[INFO ] 2023-04-07 16:57:26.576 [main] HashMove - HS Code = 2523.1000 has entered
[INFO ] 2023-04-07 16:57:30.038 [main] HashMove - Cargo Description = Cargo was originally a shipload but now covers all types of freight, including transport by rail, van, truck, or intermodal container. has entered
[INFO ] 2023-04-07 16:57:34.487 [main] HashMove - Pickup Location = Picking up from port would mean you are responsible to get your cargo delivered to the port of departure. has entered
[INFO ] 2023-04-07 16:57:38.371 [main] HashMove - Port of Pickup = PK KCT, KICT, Karachi, Pakistan (PK) has entered
[INFO ] 2023-04-07 16:57:46.603 [main] HashMove - Port of Delivery = SA JED, Jeddah, Jeddah, Saudi Arabia (SA) has entered
[INFO ] 2023-04-07 16:57:50.979 [main] HashMove - Package Type = Pallets has entered
[INFO ] 2023-04-07 16:57:53.345 [main] HashMove - Quantity = 1 has entered
[INFO ] 2023-04-07 16:57:55.740 [main] HashMove - Length = 111 has entered
[INFO ] 2023-04-07 16:57:57.969 [main] HashMove - Width = 111 has entered
[INFO ] 2023-04-07 16:58:00.297 [main] HashMove - Height = 111 has entered
[INFO ] 2023-04-07 16:58:07.113 [main] HashMove - Payment Terms link has clicked
[INFO ] 2023-04-07 16:58:10.313 [main] HashMove - Advance Payment at the time of Booking Confirmation has selected....
[INFO ] 2023-04-07 16:58:12.786 [main] HashMove - Request Spot Rate button has clicked!!!
[INFO ] 2023-04-07 16:58:47.386 [main] HashMove - Hash Move Provider Portal Login page has opened
[INFO ] 2023-04-07 16:58:57.832 [main] HashMove - User ID = costa@gmail.com has entered
[INFO ] 2023-04-07 16:58:58.045 [main] HashMove - Password = 123456 has entered
[INFO ] 2023-04-07 16:58:58.135 [main] HashMove - Login Now button has clicked!!!
[INFO ] 2023-04-07 16:59:03.316 [main] HashMove - Spot Rate link has clicked!!!
[INFO ] 2023-04-07 16:59:13.497 [main] HashMove - Click filter request link has clicked!!!
[INFO ] 2023-04-07 16:59:14.693 [main] HashMove - Spot Request Number has entered!!!
[INFO ] 2023-04-07 16:59:17.795 [main] HashMove - Filter Records button has clicked!!!
[INFO ] 2023-04-07 16:59:19.862 [main] HashMove - Provide Your Quote button has clicked!!!
[INFO ] 2023-04-07 16:59:26.344 [main] HashMove - Shipping Line = Hapag-Lloyd, Hapag-Lloyd Shipping has entered
[INFO ] 2023-04-07 16:59:31.589 [main] HashMove - Rate Per CBM = 8500 has entered
[INFO ] 2023-04-07 16:59:31.764 [main] HashMove - Chargeable CBM = 2 has entered
[INFO ] 2023-04-07 16:59:31.924 [main] HashMove - Bill of Lading = 200 has entered
[INFO ] 2023-04-07 16:59:32.128 [main] HashMove - LCL Destuffing = 30 has entered
[INFO ] 2023-04-07 16:59:32.288 [main] HashMove - Port Handling = 20 has entered
[INFO ] 2023-04-07 16:59:32.470 [main] HashMove - Terminal Handling Charge - Origin = 150 has entered
[INFO ] 2023-04-07 16:59:37.813 [main] HashMove - Rate Validity Start Date has entered
[INFO ] 2023-04-07 16:59:41.008 [main] HashMove - Rate Validity End Date has entered
[INFO ] 2023-04-07 16:59:43.122 [main] HashMove - I ACCEPT CUSTOMER PAYMENT TERMS has selected ...
[INFO ] 2023-04-07 16:59:48.322 [main] HashMove - Save and Close button has clicked!!!
[INFO ] 2023-04-07 16:59:50.410 [main] HashMove - Would you like to proceed? button has clicked!!!
[INFO ] 2023-04-07 16:59:56.817 [main] HashMove - Hash Move Customer Portal page has opened
[INFO ] 2023-04-07 17:00:07.267 [main] HashMove - Options Dropdown has clicked!!!
[INFO ] 2023-04-07 17:00:09.703 [main] HashMove - Spot Rates option has clicked!!!
[INFO ] 2023-04-07 17:00:17.833 [main] HashMove - Click filter request link has clicked!!!
[INFO ] 2023-04-07 17:00:19.026 [main] HashMove - Spot Request Number has entered!!!
[INFO ] 2023-04-07 17:00:22.163 [main] HashMove - Filter Records button has clicked!!!
[INFO ] 2023-04-07 17:00:24.247 [main] HashMove - View Quotes link has clicked!!!
[INFO ] 2023-04-07 17:00:26.480 [main] HashMove - Book Now link has clicked!!!
[INFO ] 2023-04-07 17:00:31.576 [main] HashMove - Next button has clicked!!!
[INFO ] 2023-04-07 17:00:35.742 [main] HashMove - Reference Number = 5102055 has entered
[INFO ] 2023-04-07 17:00:37.026 [main] HashMove - Shipping Instructions = Shipping instructions is a document, provided by the exporter (or agent) to the carrier, containing details of the cargo to be shipped, the parties involved and the requirements for its transportation. The shipping instructions are used by the carrier to create the Bill of Lading.
 has entered
[INFO ] 2023-04-07 17:00:37.122 [main] HashMove - Disclaimer has selected
[INFO ] 2023-04-07 17:00:37.195 [main] HashMove - Confirm button has clicked!!!
[INFO ] 2023-04-07 17:00:45.322 [main] HashMove - View Booking has clicked!!!
[INFO ] 2023-04-07 17:00:54.790 [main] HashMove - Consignee Name = Atco1343 has entered
[INFO ] 2023-04-07 17:00:55.008 [main] HashMove - Contact Person = Syed Ahsan Abbas has entered
[INFO ] 2023-04-07 17:01:00.592 [main] HashMove - City = Karachi, Pakistan has entered
[INFO ] 2023-04-07 17:01:00.837 [main] HashMove - Contact Phone = 3452512522 has entered
[INFO ] 2023-04-07 17:01:01.070 [main] HashMove - Contact Email = yopmail.com has entered
[INFO ] 2023-04-07 17:01:04.772 [main] HashMove - Consignee Pin Address = Karachi Airport, Faisal Cantonment, Karachi, Pakistan has entered
[INFO ] 2023-04-07 17:01:09.198 [main] HashMove - Consignee Main Address = Karachi Airport, Faisal Cantonment, Karachi, Pakistan has entered
[INFO ] 2023-04-07 17:01:13.485 [main] HashMove - Shipper Name = Karachi Airport, Faisal Cantonment, Karachi, Pakistan has entered
[INFO ] 2023-04-07 17:01:15.609 [main] HashMove - Shipper Information has added....
[INFO ] 2023-04-07 17:01:19.930 [main] HashMove - Consignee Name = Dell2038 has entered
[INFO ] 2023-04-07 17:01:20.355 [main] HashMove - Contact Person = Salman bin Abdulaziz has entered
[INFO ] 2023-04-07 17:01:25.680 [main] HashMove - City = Jeddah, Saudi Arabia has entered
[INFO ] 2023-04-07 17:01:25.856 [main] HashMove - Contact Phone = 845154555 has entered
[INFO ] 2023-04-07 17:01:26.117 [main] HashMove - Contact Email = yopmail.com has entered
[INFO ] 2023-04-07 17:01:29.711 [main] HashMove - Consignee Pin Address = Jeddah, Saudi Arabia has entered
[INFO ] 2023-04-07 17:01:34.056 [main] HashMove - Consignee Main Address = Jeddah, Saudi Arabia has entered
[INFO ] 2023-04-07 17:01:40.375 [main] HashMove - Consignee Name = Dell2038 has entered
[INFO ] 2023-04-07 17:01:45.477 [main] HashMove - Consignee Information has added....
[INFO ] 2023-04-07 17:01:48.720 [main] HashMove - Package List has clicked.
[INFO ] 2023-04-07 17:01:49.805 [main] HashMove - Select a file has clicked.
[INFO ] 2023-04-07 17:01:54.993 [main] HashMove - Packet List Document has uploaded successfully!!!
[INFO ] 2023-04-07 17:02:04.868 [main] HashMove - Hash Move Provider Portal page has opened
[INFO ] 2023-04-07 17:02:23.767 [main] HashMove - Click filter request link has clicked!!!
[INFO ] 2023-04-07 17:02:25.616 [main] HashMove - Booking Request Number has entered!!!
[INFO ] 2023-04-07 17:02:29.173 [main] HashMove - Filter Records button has clicked!!!
[INFO ] 2023-04-07 17:02:36.346 [main] HashMove - Loading Plan has clicked.
[INFO ] 2023-04-07 17:02:37.580 [main] HashMove - Select a file has clicked.
[INFO ] 2023-04-07 17:02:46.952 [main] HashMove - Loading Plan Document has uploaded successfully!!!
[INFO ] 2023-04-07 17:02:56.074 [main] HashMove - Update Status link has clicked.
[INFO ] 2023-04-07 17:02:59.407 [main] HashMove - Shipment Status has updated to Confirmed.
[INFO ] 2023-04-07 17:02:59.775 [main] HashMove - Shipment Details Confrimed has entered.
[INFO ] 2023-04-07 17:03:01.875 [main] HashMove - Submit button has clicked.
[INFO ] 2023-04-07 17:03:03.973 [main] HashMove - I accept the terms & conditions button has clicked.
